2021-11-21T03:20:24.256604-00:00 0 [System] [MY-013169] [Server] /usr/sbin/mysqld (mysqld 8.0.27) initializing of server in progress as process 43
2021-11-21T03:20:24.265691-00:00 0 [Warning] [MY-010159] [Server] Setting lower_case_table_names=2 because file system for /var/lib/mysql/ is case insensitive
2021-11-21T03:20:24.287765-00:00 1 [System] [MY-013576] [InnoDB] InnoDB initialization has started.
2021-11-21T03:20:26.586991-00:00 1 [System] [MY-013577] [InnoDB] InnoDB initialization has ended.
2021-11-21T03:20:28.723411-00:00 0 [Warning] [MY-013746] [Server] A deprecated TLS version TLSv1 is enabled for channel mysql_main
2021-11-21T03:20:28.724143-00:00 0 [Warning] [MY-013746] [Server] A deprecated TLS version TLSv1.1 is enabled for channel mysql_main
2021-11-21T03:20:28.893235-00:00 6 [Warning] [MY-010453] [Server] root@localhost is created with an empty password ! Please consider switching off the --initialize-insecure option.
2021-11-21T03:20:42.909641-00:00 0 [System] [MY-010116] [Server] /usr/sbin/mysqld (mysqld 8.0.27) starting as process 92
2021-11-21T03:20:42.922247-00:00 0 [Warning] [MY-010159] [Server] Setting lower_case_table_names=2 because file system for /var/lib/mysql/ is case insensitive
2021-11-21T03:20:42.961972-00:00 1 [System] [MY-013576] [InnoDB] InnoDB initialization has started.
2021-11-21T03:20:43.756713-00:00 1 [System] [MY-013577] [InnoDB] InnoDB initialization has ended.
2021-11-21T03:20:44.210107-00:00 0 [Warning] [MY-013746] [Server] A deprecated TLS version TLSv1 is enabled for channel mysql_main
2021-11-21T03:20:44.210771-00:00 0 [Warning] [MY-013746] [Server] A deprecated TLS version TLSv1.1 is enabled for channel mysql_main
2021-11-21T03:20:44.216289-00:00 0 [Warning] [MY-010068] [Server] CA certificate ca.pem is self signed.
2021-11-21T03:20:44.217281-00:00 0 [System] [MY-013602] [Server] Channel mysql_main configured to support TLS. Encrypted connections are now supported for this channel.
2021-11-21T03:20:44.223438-00:00 0 [Warning] [MY-011810] [Server] Insecure configuration for --pid-file: Location '/var/run/mysqld' in the path is accessible to all OS users. Consider choosing a different directory.
2021-11-21T03:20:44.304401-00:00 0 [System] [MY-011323] [Server] X Plugin ready for connections. Socket: /var/run/mysqld/mysqlx.sock
2021-11-21T03:20:44.304514-00:00 0 [System] [MY-010931] [Server] /usr/sbin/mysqld: ready for connections. Version: '8.0.27'  socket: '/var/run/mysqld/mysqld.sock'  port: 0  MySQL Community Server - GPL.
2021-11-21T03:20:57.405365-00:00 13 [System] [MY-013172] [Server] Received SHUTDOWN from user root. Shutting down mysqld (Version: 8.0.27).
2021-11-21T03:20:59.065407-00:00 0 [System] [MY-010910] [Server] /usr/sbin/mysqld: Shutdown complete (mysqld 8.0.27)  MySQL Community Server - GPL.
2021-11-21T03:20:59.680286-00:00 0 [System] [MY-010116] [Server] /usr/sbin/mysqld (mysqld 8.0.27) starting as process 1
2021-11-21T03:20:59.688124-00:00 0 [Warning] [MY-010159] [Server] Setting lower_case_table_names=2 because file system for /var/lib/mysql/ is case insensitive
2021-11-21T03:20:59.708145-00:00 1 [System] [MY-013576] [InnoDB] InnoDB initialization has started.
2021-11-21T03:21:00.351710-00:00 1 [System] [MY-013577] [InnoDB] InnoDB initialization has ended.
2021-11-21T03:21:00.732271-00:00 0 [Warning] [MY-013746] [Server] A deprecated TLS version TLSv1 is enabled for channel mysql_main
2021-11-21T03:21:00.733072-00:00 0 [Warning] [MY-013746] [Server] A deprecated TLS version TLSv1.1 is enabled for channel mysql_main
2021-11-21T03:21:00.737632-00:00 0 [Warning] [MY-010068] [Server] CA certificate ca.pem is self signed.
2021-11-21T03:21:00.738302-00:00 0 [System] [MY-013602] [Server] Channel mysql_main configured to support TLS. Encrypted connections are now supported for this channel.
2021-11-21T03:21:00.744559-00:00 0 [Warning] [MY-011810] [Server] Insecure configuration for --pid-file: Location '/var/run/mysqld' in the path is accessible to all OS users. Consider choosing a different directory.
2021-11-21T03:21:00.811861-00:00 0 [System] [MY-011323] [Server] X Plugin ready for connections. Bind-address: '::' port: 33060, socket: /var/run/mysqld/mysqlx.sock
2021-11-21T03:21:00.812148-00:00 0 [System] [MY-010931] [Server] /usr/sbin/mysqld: ready for connections. Version: '8.0.27'  socket: '/var/run/mysqld/mysqld.sock'  port: 3306  MySQL Community Server - GPL.
2021-11-21T03:24:01.860733-00:00 0 [System] [MY-013172] [Server] Received SHUTDOWN from user <via user signal>. Shutting down mysqld (Version: 8.0.27).
2021-11-21T03:24:03.275750-00:00 0 [System] [MY-010910] [Server] /usr/sbin/mysqld: Shutdown complete (mysqld 8.0.27)  MySQL Community Server - GPL.
2021-11-21T03:24:10.253889-00:00 0 [System] [MY-010116] [Server] /usr/sbin/mysqld (mysqld 8.0.27) starting as process 1
2021-11-21T03:24:10.263243-00:00 0 [Warning] [MY-010159] [Server] Setting lower_case_table_names=2 because file system for /var/lib/mysql/ is case insensitive
2021-11-21T03:24:10.285613-00:00 1 [System] [MY-013576] [InnoDB] InnoDB initialization has started.
2021-11-21T03:24:11.071144-00:00 1 [System] [MY-013577] [InnoDB] InnoDB initialization has ended.
2021-11-21T03:24:11.418631-00:00 0 [Warning] [MY-013746] [Server] A deprecated TLS version TLSv1 is enabled for channel mysql_main
2021-11-21T03:24:11.419695-00:00 0 [Warning] [MY-013746] [Server] A deprecated TLS version TLSv1.1 is enabled for channel mysql_main
2021-11-21T03:24:11.432984-00:00 0 [Warning] [MY-010068] [Server] CA certificate ca.pem is self signed.
2021-11-21T03:24:11.434158-00:00 0 [System] [MY-013602] [Server] Channel mysql_main configured to support TLS. Encrypted connections are now supported for this channel.
2021-11-21T03:24:11.445464-00:00 0 [Warning] [MY-011810] [Server] Insecure configuration for --pid-file: Location '/var/run/mysqld' in the path is accessible to all OS users. Consider choosing a different directory.
2021-11-21T03:24:11.595385-00:00 0 [System] [MY-011323] [Server] X Plugin ready for connections. Bind-address: '::' port: 33060, socket: /var/run/mysqld/mysqlx.sock
2021-11-21T03:24:11.595735-00:00 0 [System] [MY-010931] [Server] /usr/sbin/mysqld: ready for connections. Version: '8.0.27'  socket: '/var/run/mysqld/mysqld.sock'  port: 3306  MySQL Community Server - GPL.
2021-11-21T03:28:17.835337-00:00 0 [System] [MY-013172] [Server] Received SHUTDOWN from user <via user signal>. Shutting down mysqld (Version: 8.0.27).
2021-11-21T03:28:18.260519-00:00 0 [System] [MY-010910] [Server] /usr/sbin/mysqld: Shutdown complete (mysqld 8.0.27)  MySQL Community Server - GPL.
2021-11-21T03:28:24.534767-00:00 0 [System] [MY-010116] [Server] /usr/sbin/mysqld (mysqld 8.0.27) starting as process 1
2021-11-21T03:28:24.543411-00:00 0 [Warning] [MY-010159] [Server] Setting lower_case_table_names=2 because file system for /var/lib/mysql/ is case insensitive
2021-11-21T03:28:24.564989-00:00 1 [System] [MY-013576] [InnoDB] InnoDB initialization has started.
2021-11-21T03:28:25.305375-00:00 1 [System] [MY-013577] [InnoDB] InnoDB initialization has ended.
2021-11-21T03:28:25.730518-00:00 0 [Warning] [MY-013746] [Server] A deprecated TLS version TLSv1 is enabled for channel mysql_main
2021-11-21T03:28:25.731963-00:00 0 [Warning] [MY-013746] [Server] A deprecated TLS version TLSv1.1 is enabled for channel mysql_main
2021-11-21T03:28:25.743557-00:00 0 [Warning] [MY-010068] [Server] CA certificate ca.pem is self signed.
2021-11-21T03:28:25.748080-00:00 0 [System] [MY-013602] [Server] Channel mysql_main configured to support TLS. Encrypted connections are now supported for this channel.
2021-11-21T03:28:25.766638-00:00 0 [Warning] [MY-011810] [Server] Insecure configuration for --pid-file: Location '/var/run/mysqld' in the path is accessible to all OS users. Consider choosing a different directory.
2021-11-21T03:28:25.921712-00:00 0 [System] [MY-011323] [Server] X Plugin ready for connections. Bind-address: '::' port: 33060, socket: /var/run/mysqld/mysqlx.sock
2021-11-21T03:28:25.921810-00:00 0 [System] [MY-010931] [Server] /usr/sbin/mysqld: ready for connections. Version: '8.0.27'  socket: '/var/run/mysqld/mysqld.sock'  port: 3306  MySQL Community Server - GPL.
2021-11-21T03:31:38.612683-00:00 0 [System] [MY-013172] [Server] Received SHUTDOWN from user <via user signal>. Shutting down mysqld (Version: 8.0.27).
2021-11-21T03:31:39.115589-00:00 0 [System] [MY-010910] [Server] /usr/sbin/mysqld: Shutdown complete (mysqld 8.0.27)  MySQL Community Server - GPL.
2021-11-21T03:31:46.931587-00:00 0 [System] [MY-010116] [Server] /usr/sbin/mysqld (mysqld 8.0.27) starting as process 1
2021-11-21T03:31:46.941701-00:00 0 [Warning] [MY-010159] [Server] Setting lower_case_table_names=2 because file system for /var/lib/mysql/ is case insensitive
2021-11-21T03:31:46.976189-00:00 1 [System] [MY-013576] [InnoDB] InnoDB initialization has started.
2021-11-21T03:31:47.876131-00:00 1 [System] [MY-013577] [InnoDB] InnoDB initialization has ended.
2021-11-21T03:31:48.313516-00:00 0 [Warning] [MY-013746] [Server] A deprecated TLS version TLSv1 is enabled for channel mysql_main
2021-11-21T03:31:48.314623-00:00 0 [Warning] [MY-013746] [Server] A deprecated TLS version TLSv1.1 is enabled for channel mysql_main
2021-11-21T03:31:48.327088-00:00 0 [Warning] [MY-010068] [Server] CA certificate ca.pem is self signed.
2021-11-21T03:31:48.327901-00:00 0 [System] [MY-013602] [Server] Channel mysql_main configured to support TLS. Encrypted connections are now supported for this channel.
2021-11-21T03:31:48.340841-00:00 0 [Warning] [MY-011810] [Server] Insecure configuration for --pid-file: Location '/var/run/mysqld' in the path is accessible to all OS users. Consider choosing a different directory.
2021-11-21T03:31:48.495276-00:00 0 [System] [MY-011323] [Server] X Plugin ready for connections. Bind-address: '::' port: 33060, socket: /var/run/mysqld/mysqlx.sock
2021-11-21T03:31:48.495402-00:00 0 [System] [MY-010931] [Server] /usr/sbin/mysqld: ready for connections. Version: '8.0.27'  socket: '/var/run/mysqld/mysqld.sock'  port: 3306  MySQL Community Server - GPL.
2021-11-21T03:40:50.790707-00:00 0 [System] [MY-013172] [Server] Received SHUTDOWN from user <via user signal>. Shutting down mysqld (Version: 8.0.27).
2021-11-21T03:40:52.048825-00:00 0 [System] [MY-010910] [Server] /usr/sbin/mysqld: Shutdown complete (mysqld 8.0.27)  MySQL Community Server - GPL.
2021-11-21T03:40:59.214096-00:00 0 [System] [MY-010116] [Server] /usr/sbin/mysqld (mysqld 8.0.27) starting as process 1
2021-11-21T03:40:59.224985-00:00 0 [Warning] [MY-010159] [Server] Setting lower_case_table_names=2 because file system for /var/lib/mysql/ is case insensitive
2021-11-21T03:40:59.251429-00:00 1 [System] [MY-013576] [InnoDB] InnoDB initialization has started.
2021-11-21T03:41:00.078536-00:00 1 [System] [MY-013577] [InnoDB] InnoDB initialization has ended.
2021-11-21T03:41:00.521983-00:00 0 [Warning] [MY-013746] [Server] A deprecated TLS version TLSv1 is enabled for channel mysql_main
2021-11-21T03:41:00.523161-00:00 0 [Warning] [MY-013746] [Server] A deprecated TLS version TLSv1.1 is enabled for channel mysql_main
2021-11-21T03:41:00.541518-00:00 0 [Warning] [MY-010068] [Server] CA certificate ca.pem is self signed.
2021-11-21T03:41:00.546527-00:00 0 [System] [MY-013602] [Server] Channel mysql_main configured to support TLS. Encrypted connections are now supported for this channel.
2021-11-21T03:41:00.571707-00:00 0 [Warning] [MY-011810] [Server] Insecure configuration for --pid-file: Location '/var/run/mysqld' in the path is accessible to all OS users. Consider choosing a different directory.
2021-11-21T03:41:00.695824-00:00 0 [System] [MY-011323] [Server] X Plugin ready for connections. Bind-address: '::' port: 33060, socket: /var/run/mysqld/mysqlx.sock
2021-11-21T03:41:00.695949-00:00 0 [System] [MY-010931] [Server] /usr/sbin/mysqld: ready for connections. Version: '8.0.27'  socket: '/var/run/mysqld/mysqld.sock'  port: 3306  MySQL Community Server - GPL.
2021-11-21T03:51:51.169646-00:00 0 [System] [MY-013172] [Server] Received SHUTDOWN from user <via user signal>. Shutting down mysqld (Version: 8.0.27).
2021-11-21T03:51:52.462490-00:00 0 [System] [MY-010910] [Server] /usr/sbin/mysqld: Shutdown complete (mysqld 8.0.27)  MySQL Community Server - GPL.
2021-11-21T03:51:59.898351-00:00 0 [System] [MY-010116] [Server] /usr/sbin/mysqld (mysqld 8.0.27) starting as process 1
2021-11-21T03:51:59.909347-00:00 0 [Warning] [MY-010159] [Server] Setting lower_case_table_names=2 because file system for /var/lib/mysql/ is case insensitive
2021-11-21T03:51:59.938369-00:00 1 [System] [MY-013576] [InnoDB] InnoDB initialization has started.
2021-11-21T03:52:00.778208-00:00 1 [System] [MY-013577] [InnoDB] InnoDB initialization has ended.
2021-11-21T03:52:01.227199-00:00 0 [Warning] [MY-013746] [Server] A deprecated TLS version TLSv1 is enabled for channel mysql_main
2021-11-21T03:52:01.227842-00:00 0 [Warning] [MY-013746] [Server] A deprecated TLS version TLSv1.1 is enabled for channel mysql_main
2021-11-21T03:52:01.238596-00:00 0 [Warning] [MY-010068] [Server] CA certificate ca.pem is self signed.
2021-11-21T03:52:01.239433-00:00 0 [System] [MY-013602] [Server] Channel mysql_main configured to support TLS. Encrypted connections are now supported for this channel.
2021-11-21T03:52:01.249457-00:00 0 [Warning] [MY-011810] [Server] Insecure configuration for --pid-file: Location '/var/run/mysqld' in the path is accessible to all OS users. Consider choosing a different directory.
2021-11-21T03:52:01.343472-00:00 0 [System] [MY-011323] [Server] X Plugin ready for connections. Bind-address: '::' port: 33060, socket: /var/run/mysqld/mysqlx.sock
2021-11-21T03:52:01.343583-00:00 0 [System] [MY-010931] [Server] /usr/sbin/mysqld: ready for connections. Version: '8.0.27'  socket: '/var/run/mysqld/mysqld.sock'  port: 3306  MySQL Community Server - GPL.
2021-11-22T12:40:05.712099-00:00 0 [System] [MY-013172] [Server] Received SHUTDOWN from user <via user signal>. Shutting down mysqld (Version: 8.0.27).
2021-11-25T13:22:49.806205-00:00 0 [System] [MY-010116] [Server] /usr/sbin/mysqld (mysqld 8.0.27) starting as process 1
2021-11-25T13:22:49.814802-00:00 0 [Warning] [MY-010159] [Server] Setting lower_case_table_names=2 because file system for /var/lib/mysql/ is case insensitive
2021-11-25T13:22:49.850229-00:00 1 [System] [MY-013576] [InnoDB] InnoDB initialization has started.
2021-11-25T13:22:50.654816-00:00 1 [System] [MY-013577] [InnoDB] InnoDB initialization has ended.
2021-11-25T13:22:50.949884-00:00 0 [System] [MY-010229] [Server] Starting XA crash recovery...
2021-11-25T13:22:50.959719-00:00 0 [System] [MY-010232] [Server] XA crash recovery finished.
2021-11-25T13:22:51.016180-00:00 0 [Warning] [MY-013746] [Server] A deprecated TLS version TLSv1 is enabled for channel mysql_main
2021-11-25T13:22:51.017086-00:00 0 [Warning] [MY-013746] [Server] A deprecated TLS version TLSv1.1 is enabled for channel mysql_main
2021-11-25T13:22:51.028341-00:00 0 [Warning] [MY-010068] [Server] CA certificate ca.pem is self signed.
2021-11-25T13:22:51.029125-00:00 0 [System] [MY-013602] [Server] Channel mysql_main configured to support TLS. Encrypted connections are now supported for this channel.
2021-11-25T13:22:51.037951-00:00 0 [Warning] [MY-011810] [Server] Insecure configuration for --pid-file: Location '/var/run/mysqld' in the path is accessible to all OS users. Consider choosing a different directory.
2021-11-25T13:22:51.112234-00:00 0 [System] [MY-011323] [Server] X Plugin ready for connections. Bind-address: '::' port: 33060, socket: /var/run/mysqld/mysqlx.sock
2021-11-25T13:22:51.112297-00:00 0 [System] [MY-010931] [Server] /usr/sbin/mysqld: ready for connections. Version: '8.0.27'  socket: '/var/run/mysqld/mysqld.sock'  port: 3306  MySQL Community Server - GPL.
2021-11-26T15:04:21.375111-00:00 0 [System] [MY-010116] [Server] /usr/sbin/mysqld (mysqld 8.0.27) starting as process 1
2021-11-26T15:04:21.397779-00:00 0 [Warning] [MY-010159] [Server] Setting lower_case_table_names=2 because file system for /var/lib/mysql/ is case insensitive
2021-11-26T15:04:21.460160-00:00 1 [System] [MY-013576] [InnoDB] InnoDB initialization has started.
2021-11-26T15:04:24.286705-00:00 1 [System] [MY-013577] [InnoDB] InnoDB initialization has ended.
2021-11-26T15:04:25.250771-00:00 0 [System] [MY-010229] [Server] Starting XA crash recovery...
2021-11-26T15:04:25.283309-00:00 0 [System] [MY-010232] [Server] XA crash recovery finished.
2021-11-26T15:04:25.791019-00:00 0 [Warning] [MY-013746] [Server] A deprecated TLS version TLSv1 is enabled for channel mysql_main
2021-11-26T15:04:25.792473-00:00 0 [Warning] [MY-013746] [Server] A deprecated TLS version TLSv1.1 is enabled for channel mysql_main
2021-11-26T15:04:25.824789-00:00 0 [Warning] [MY-010068] [Server] CA certificate ca.pem is self signed.
2021-11-26T15:04:25.829957-00:00 0 [System] [MY-013602] [Server] Channel mysql_main configured to support TLS. Encrypted connections are now supported for this channel.
2021-11-26T15:04:25.865268-00:00 0 [Warning] [MY-011810] [Server] Insecure configuration for --pid-file: Location '/var/run/mysqld' in the path is accessible to all OS users. Consider choosing a different directory.
2021-11-26T15:04:26.232313-00:00 0 [System] [MY-011323] [Server] X Plugin ready for connections. Bind-address: '::' port: 33060, socket: /var/run/mysqld/mysqlx.sock
2021-11-26T15:04:26.232460-00:00 0 [System] [MY-010931] [Server] /usr/sbin/mysqld: ready for connections. Version: '8.0.27'  socket: '/var/run/mysqld/mysqld.sock'  port: 3306  MySQL Community Server - GPL.
2021-11-26T16:30:54.757523-00:00 0 [System] [MY-013172] [Server] Received SHUTDOWN from user <via user signal>. Shutting down mysqld (Version: 8.0.27).
2021-11-26T16:30:56.077579-00:00 0 [System] [MY-010910] [Server] /usr/sbin/mysqld: Shutdown complete (mysqld 8.0.27)  MySQL Community Server - GPL.
2021-12-04T10:49:46.940239-00:00 0 [System] [MY-010116] [Server] /usr/sbin/mysqld (mysqld 8.0.27) starting as process 1
2021-12-04T10:49:46.948901-00:00 0 [Warning] [MY-010159] [Server] Setting lower_case_table_names=2 because file system for /var/lib/mysql/ is case insensitive
2021-12-04T10:49:46.972499-00:00 1 [System] [MY-013576] [InnoDB] InnoDB initialization has started.
2021-12-04T10:49:48.076879-00:00 1 [System] [MY-013577] [InnoDB] InnoDB initialization has ended.
2021-12-04T10:49:48.561520-00:00 0 [Warning] [MY-013746] [Server] A deprecated TLS version TLSv1 is enabled for channel mysql_main
2021-12-04T10:49:48.562207-00:00 0 [Warning] [MY-013746] [Server] A deprecated TLS version TLSv1.1 is enabled for channel mysql_main
2021-12-04T10:49:48.570791-00:00 0 [Warning] [MY-010068] [Server] CA certificate ca.pem is self signed.
2021-12-04T10:49:48.571565-00:00 0 [System] [MY-013602] [Server] Channel mysql_main configured to support TLS. Encrypted connections are now supported for this channel.
2021-12-04T10:49:48.583961-00:00 0 [Warning] [MY-011810] [Server] Insecure configuration for --pid-file: Location '/var/run/mysqld' in the path is accessible to all OS users. Consider choosing a different directory.
2021-12-04T10:49:48.689761-00:00 0 [System] [MY-011323] [Server] X Plugin ready for connections. Bind-address: '::' port: 33060, socket: /var/run/mysqld/mysqlx.sock
2021-12-04T10:49:48.690441-00:00 0 [System] [MY-010931] [Server] /usr/sbin/mysqld: ready for connections. Version: '8.0.27'  socket: '/var/run/mysqld/mysqld.sock'  port: 3306  MySQL Community Server - GPL.
2021-12-04T16:33:08.633902-00:00 0 [System] [MY-013172] [Server] Received SHUTDOWN from user <via user signal>. Shutting down mysqld (Version: 8.0.27).
2021-12-05T13:05:39.537480-00:00 0 [System] [MY-010116] [Server] /usr/sbin/mysqld (mysqld 8.0.27) starting as process 1
2021-12-05T13:05:39.555559-00:00 0 [Warning] [MY-010159] [Server] Setting lower_case_table_names=2 because file system for /var/lib/mysql/ is case insensitive
2021-12-05T13:05:39.600315-00:00 1 [System] [MY-013576] [InnoDB] InnoDB initialization has started.
2021-12-05T13:05:41.098535-00:00 1 [System] [MY-013577] [InnoDB] InnoDB initialization has ended.
2021-12-05T13:05:41.531943-00:00 0 [System] [MY-010229] [Server] Starting XA crash recovery...
2021-12-05T13:05:41.595944-00:00 0 [System] [MY-010232] [Server] XA crash recovery finished.
2021-12-05T13:05:41.739315-00:00 0 [Warning] [MY-013746] [Server] A deprecated TLS version TLSv1 is enabled for channel mysql_main
2021-12-05T13:05:41.740736-00:00 0 [Warning] [MY-013746] [Server] A deprecated TLS version TLSv1.1 is enabled for channel mysql_main
2021-12-05T13:05:41.752094-00:00 0 [Warning] [MY-010068] [Server] CA certificate ca.pem is self signed.
2021-12-05T13:05:41.752923-00:00 0 [System] [MY-013602] [Server] Channel mysql_main configured to support TLS. Encrypted connections are now supported for this channel.
2021-12-05T13:05:41.765326-00:00 0 [Warning] [MY-011810] [Server] Insecure configuration for --pid-file: Location '/var/run/mysqld' in the path is accessible to all OS users. Consider choosing a different directory.
2021-12-05T13:05:41.894617-00:00 0 [System] [MY-011323] [Server] X Plugin ready for connections. Bind-address: '::' port: 33060, socket: /var/run/mysqld/mysqlx.sock
2021-12-05T13:05:41.894858-00:00 0 [System] [MY-010931] [Server] /usr/sbin/mysqld: ready for connections. Version: '8.0.27'  socket: '/var/run/mysqld/mysqld.sock'  port: 3306  MySQL Community Server - GPL.
mbind: Operation not permitted
2021-12-10T13:39:36.247437-00:00 0 [System] [MY-013172] [Server] Received SHUTDOWN from user <via user signal>. Shutting down mysqld (Version: 8.0.27).
2021-12-10T13:39:37.555841-00:00 0 [System] [MY-010910] [Server] /usr/sbin/mysqld: Shutdown complete (mysqld 8.0.27)  MySQL Community Server - GPL.
2021-12-10T13:39:52.654483-00:00 0 [System] [MY-010116] [Server] /usr/sbin/mysqld (mysqld 8.0.27) starting as process 1
2021-12-10T13:39:52.663825-00:00 0 [Warning] [MY-010159] [Server] Setting lower_case_table_names=2 because file system for /var/lib/mysql/ is case insensitive
2021-12-10T13:39:52.692537-00:00 1 [System] [MY-013576] [InnoDB] InnoDB initialization has started.
2021-12-10T13:39:53.849265-00:00 1 [System] [MY-013577] [InnoDB] InnoDB initialization has ended.
2021-12-10T13:39:54.324611-00:00 0 [Warning] [MY-013746] [Server] A deprecated TLS version TLSv1 is enabled for channel mysql_main
2021-12-10T13:39:54.325421-00:00 0 [Warning] [MY-013746] [Server] A deprecated TLS version TLSv1.1 is enabled for channel mysql_main
2021-12-10T13:39:54.336275-00:00 0 [Warning] [MY-010068] [Server] CA certificate ca.pem is self signed.
2021-12-10T13:39:54.337089-00:00 0 [System] [MY-013602] [Server] Channel mysql_main configured to support TLS. Encrypted connections are now supported for this channel.
2021-12-10T13:39:54.350969-00:00 0 [Warning] [MY-011810] [Server] Insecure configuration for --pid-file: Location '/var/run/mysqld' in the path is accessible to all OS users. Consider choosing a different directory.
2021-12-10T13:39:54.458541-00:00 0 [System] [MY-011323] [Server] X Plugin ready for connections. Bind-address: '::' port: 33060, socket: /var/run/mysqld/mysqlx.sock
2021-12-10T13:39:54.458681-00:00 0 [System] [MY-010931] [Server] /usr/sbin/mysqld: ready for connections. Version: '8.0.27'  socket: '/var/run/mysqld/mysqld.sock'  port: 3306  MySQL Community Server - GPL.
2021-12-12T09:28:20.566145-00:00 0 [System] [MY-013172] [Server] Received SHUTDOWN from user <via user signal>. Shutting down mysqld (Version: 8.0.27).
2021-12-12T09:28:21.969926-00:00 0 [System] [MY-010910] [Server] /usr/sbin/mysqld: Shutdown complete (mysqld 8.0.27)  MySQL Community Server - GPL.
2021-12-12T09:28:30.639739-00:00 0 [System] [MY-010116] [Server] /usr/sbin/mysqld (mysqld 8.0.27) starting as process 1
2021-12-12T09:28:30.658303-00:00 0 [Warning] [MY-010159] [Server] Setting lower_case_table_names=2 because file system for /var/lib/mysql/ is case insensitive
2021-12-12T09:28:30.689672-00:00 1 [System] [MY-013576] [InnoDB] InnoDB initialization has started.
2021-12-12T09:28:31.710189-00:00 1 [System] [MY-013577] [InnoDB] InnoDB initialization has ended.
2021-12-12T09:28:32.235651-00:00 0 [Warning] [MY-013746] [Server] A deprecated TLS version TLSv1 is enabled for channel mysql_main
2021-12-12T09:28:32.240159-00:00 0 [Warning] [MY-013746] [Server] A deprecated TLS version TLSv1.1 is enabled for channel mysql_main
2021-12-12T09:28:32.255984-00:00 0 [Warning] [MY-010068] [Server] CA certificate ca.pem is self signed.
2021-12-12T09:28:32.257020-00:00 0 [System] [MY-013602] [Server] Channel mysql_main configured to support TLS. Encrypted connections are now supported for this channel.
2021-12-12T09:28:32.269080-00:00 0 [Warning] [MY-011810] [Server] Insecure configuration for --pid-file: Location '/var/run/mysqld' in the path is accessible to all OS users. Consider choosing a different directory.
2021-12-12T09:28:32.389288-00:00 0 [System] [MY-011323] [Server] X Plugin ready for connections. Bind-address: '::' port: 33060, socket: /var/run/mysqld/mysqlx.sock
2021-12-12T09:28:32.389545-00:00 0 [System] [MY-010931] [Server] /usr/sbin/mysqld: ready for connections. Version: '8.0.27'  socket: '/var/run/mysqld/mysqld.sock'  port: 3306  MySQL Community Server - GPL.
2021-12-12T10:04:20.219830-00:00 0 [System] [MY-013172] [Server] Received SHUTDOWN from user <via user signal>. Shutting down mysqld (Version: 8.0.27).
2021-12-12T10:04:20.862896-00:00 0 [System] [MY-010910] [Server] /usr/sbin/mysqld: Shutdown complete (mysqld 8.0.27)  MySQL Community Server - GPL.
2021-12-12T10:04:28.673288-00:00 0 [System] [MY-010116] [Server] /usr/sbin/mysqld (mysqld 8.0.27) starting as process 1
2021-12-12T10:04:28.693087-00:00 0 [Warning] [MY-010159] [Server] Setting lower_case_table_names=2 because file system for /var/lib/mysql/ is case insensitive
2021-12-12T10:04:28.714829-00:00 1 [System] [MY-013576] [InnoDB] InnoDB initialization has started.
2021-12-12T10:04:29.648675-00:00 1 [System] [MY-013577] [InnoDB] InnoDB initialization has ended.
2021-12-12T10:04:30.133754-00:00 0 [Warning] [MY-013746] [Server] A deprecated TLS version TLSv1 is enabled for channel mysql_main
2021-12-12T10:04:30.134462-00:00 0 [Warning] [MY-013746] [Server] A deprecated TLS version TLSv1.1 is enabled for channel mysql_main
2021-12-12T10:04:30.144052-00:00 0 [Warning] [MY-010068] [Server] CA certificate ca.pem is self signed.
2021-12-12T10:04:30.145313-00:00 0 [System] [MY-013602] [Server] Channel mysql_main configured to support TLS. Encrypted connections are now supported for this channel.
2021-12-12T10:04:30.161325-00:00 0 [Warning] [MY-011810] [Server] Insecure configuration for --pid-file: Location '/var/run/mysqld' in the path is accessible to all OS users. Consider choosing a different directory.
2021-12-12T10:04:30.294201-00:00 0 [System] [MY-011323] [Server] X Plugin ready for connections. Bind-address: '::' port: 33060, socket: /var/run/mysqld/mysqlx.sock
2021-12-12T10:04:30.294466-00:00 0 [System] [MY-010931] [Server] /usr/sbin/mysqld: ready for connections. Version: '8.0.27'  socket: '/var/run/mysqld/mysqld.sock'  port: 3306  MySQL Community Server - GPL.
2021-12-12T10:29:22.463494-00:00 0 [System] [MY-013172] [Server] Received SHUTDOWN from user <via user signal>. Shutting down mysqld (Version: 8.0.27).
2021-12-12T10:29:23.408465-00:00 0 [System] [MY-010910] [Server] /usr/sbin/mysqld: Shutdown complete (mysqld 8.0.27)  MySQL Community Server - GPL.
2021-12-12T10:29:31.273280-00:00 0 [System] [MY-010116] [Server] /usr/sbin/mysqld (mysqld 8.0.27) starting as process 1
2021-12-12T10:29:31.280748-00:00 0 [Warning] [MY-010159] [Server] Setting lower_case_table_names=2 because file system for /var/lib/mysql/ is case insensitive
2021-12-12T10:29:31.308858-00:00 1 [System] [MY-013576] [InnoDB] InnoDB initialization has started.
2021-12-12T10:29:32.316368-00:00 1 [System] [MY-013577] [InnoDB] InnoDB initialization has ended.
2021-12-12T10:29:33.051163-00:00 0 [Warning] [MY-013746] [Server] A deprecated TLS version TLSv1 is enabled for channel mysql_main
2021-12-12T10:29:33.051931-00:00 0 [Warning] [MY-013746] [Server] A deprecated TLS version TLSv1.1 is enabled for channel mysql_main
2021-12-12T10:29:33.065863-00:00 0 [Warning] [MY-010068] [Server] CA certificate ca.pem is self signed.
2021-12-12T10:29:33.066935-00:00 0 [System] [MY-013602] [Server] Channel mysql_main configured to support TLS. Encrypted connections are now supported for this channel.
2021-12-12T10:29:33.076979-00:00 0 [Warning] [MY-011810] [Server] Insecure configuration for --pid-file: Location '/var/run/mysqld' in the path is accessible to all OS users. Consider choosing a different directory.
2021-12-12T10:29:33.211089-00:00 0 [System] [MY-011323] [Server] X Plugin ready for connections. Bind-address: '::' port: 33060, socket: /var/run/mysqld/mysqlx.sock
2021-12-12T10:29:33.211261-00:00 0 [System] [MY-010931] [Server] /usr/sbin/mysqld: ready for connections. Version: '8.0.27'  socket: '/var/run/mysqld/mysqld.sock'  port: 3306  MySQL Community Server - GPL.
2021-12-12T10:51:43.168151-00:00 0 [System] [MY-013172] [Server] Received SHUTDOWN from user <via user signal>. Shutting down mysqld (Version: 8.0.27).
2021-12-12T10:51:44.629765-00:00 0 [System] [MY-010910] [Server] /usr/sbin/mysqld: Shutdown complete (mysqld 8.0.27)  MySQL Community Server - GPL.
2021-12-12T10:51:52.291728-00:00 0 [System] [MY-010116] [Server] /usr/sbin/mysqld (mysqld 8.0.27) starting as process 1
2021-12-12T10:51:52.301149-00:00 0 [Warning] [MY-010159] [Server] Setting lower_case_table_names=2 because file system for /var/lib/mysql/ is case insensitive
2021-12-12T10:51:52.323676-00:00 1 [System] [MY-013576] [InnoDB] InnoDB initialization has started.
2021-12-12T10:51:53.340035-00:00 1 [System] [MY-013577] [InnoDB] InnoDB initialization has ended.
2021-12-12T10:51:53.804504-00:00 0 [Warning] [MY-013746] [Server] A deprecated TLS version TLSv1 is enabled for channel mysql_main
2021-12-12T10:51:53.805242-00:00 0 [Warning] [MY-013746] [Server] A deprecated TLS version TLSv1.1 is enabled for channel mysql_main
2021-12-12T10:51:53.814450-00:00 0 [Warning] [MY-010068] [Server] CA certificate ca.pem is self signed.
2021-12-12T10:51:53.815131-00:00 0 [System] [MY-013602] [Server] Channel mysql_main configured to support TLS. Encrypted connections are now supported for this channel.
2021-12-12T10:51:53.825109-00:00 0 [Warning] [MY-011810] [Server] Insecure configuration for --pid-file: Location '/var/run/mysqld' in the path is accessible to all OS users. Consider choosing a different directory.
2021-12-12T10:51:53.935687-00:00 0 [System] [MY-011323] [Server] X Plugin ready for connections. Bind-address: '::' port: 33060, socket: /var/run/mysqld/mysqlx.sock
2021-12-12T10:51:53.935898-00:00 0 [System] [MY-010931] [Server] /usr/sbin/mysqld: ready for connections. Version: '8.0.27'  socket: '/var/run/mysqld/mysqld.sock'  port: 3306  MySQL Community Server - GPL.
2021-12-12T10:54:04.206610-00:00 0 [System] [MY-013172] [Server] Received SHUTDOWN from user <via user signal>. Shutting down mysqld (Version: 8.0.27).
2021-12-12T10:54:05.256810-00:00 0 [System] [MY-010910] [Server] /usr/sbin/mysqld: Shutdown complete (mysqld 8.0.27)  MySQL Community Server - GPL.
2021-12-12T10:54:10.591731-00:00 0 [System] [MY-010116] [Server] /usr/sbin/mysqld (mysqld 8.0.27) starting as process 1
2021-12-12T10:54:10.605141-00:00 0 [Warning] [MY-010159] [Server] Setting lower_case_table_names=2 because file system for /var/lib/mysql/ is case insensitive
2021-12-12T10:54:10.631151-00:00 1 [System] [MY-013576] [InnoDB] InnoDB initialization has started.
2021-12-12T10:54:11.722139-00:00 1 [System] [MY-013577] [InnoDB] InnoDB initialization has ended.
2021-12-12T10:54:12.356922-00:00 0 [Warning] [MY-013746] [Server] A deprecated TLS version TLSv1 is enabled for channel mysql_main
2021-12-12T10:54:12.357988-00:00 0 [Warning] [MY-013746] [Server] A deprecated TLS version TLSv1.1 is enabled for channel mysql_main
2021-12-12T10:54:12.367715-00:00 0 [Warning] [MY-010068] [Server] CA certificate ca.pem is self signed.
2021-12-12T10:54:12.368595-00:00 0 [System] [MY-013602] [Server] Channel mysql_main configured to support TLS. Encrypted connections are now supported for this channel.
2021-12-12T10:54:12.382211-00:00 0 [Warning] [MY-011810] [Server] Insecure configuration for --pid-file: Location '/var/run/mysqld' in the path is accessible to all OS users. Consider choosing a different directory.
2021-12-12T10:54:12.494004-00:00 0 [System] [MY-011323] [Server] X Plugin ready for connections. Bind-address: '::' port: 33060, socket: /var/run/mysqld/mysqlx.sock
2021-12-12T10:54:12.494210-00:00 0 [System] [MY-010931] [Server] /usr/sbin/mysqld: ready for connections. Version: '8.0.27'  socket: '/var/run/mysqld/mysqld.sock'  port: 3306  MySQL Community Server - GPL.
2021-12-12T11:18:40.606105-00:00 0 [System] [MY-013172] [Server] Received SHUTDOWN from user <via user signal>. Shutting down mysqld (Version: 8.0.27).
2021-12-12T11:18:40.855213-00:00 0 [ERROR] [MY-011945] [InnoDB] Cannot open '/var/lib/mysql/ib_buffer_pool.incomplete' for writing: No such file or directory
2021-12-12T11:18:41.439882-00:00 0 [System] [MY-010910] [Server] /usr/sbin/mysqld: Shutdown complete (mysqld 8.0.27)  MySQL Community Server - GPL.
2021-12-12T11:18:49.322707-00:00 0 [System] [MY-010116] [Server] /usr/sbin/mysqld (mysqld 8.0.27) starting as process 1
2021-12-12T11:18:49.330801-00:00 0 [Warning] [MY-010159] [Server] Setting lower_case_table_names=2 because file system for /var/lib/mysql/ is case insensitive
2021-12-12T11:18:49.351178-00:00 1 [System] [MY-013576] [InnoDB] InnoDB initialization has started.
2021-12-12T11:18:50.282725-00:00 1 [System] [MY-013577] [InnoDB] InnoDB initialization has ended.
2021-12-12T11:18:50.741071-00:00 0 [Warning] [MY-013746] [Server] A deprecated TLS version TLSv1 is enabled for channel mysql_main
2021-12-12T11:18:50.741919-00:00 0 [Warning] [MY-013746] [Server] A deprecated TLS version TLSv1.1 is enabled for channel mysql_main
2021-12-12T11:18:50.752291-00:00 0 [Warning] [MY-010068] [Server] CA certificate ca.pem is self signed.
2021-12-12T11:18:50.753249-00:00 0 [System] [MY-013602] [Server] Channel mysql_main configured to support TLS. Encrypted connections are now supported for this channel.
2021-12-12T11:18:50.764092-00:00 0 [Warning] [MY-011810] [Server] Insecure configuration for --pid-file: Location '/var/run/mysqld' in the path is accessible to all OS users. Consider choosing a different directory.
2021-12-12T11:18:50.899117-00:00 0 [System] [MY-011323] [Server] X Plugin ready for connections. Bind-address: '::' port: 33060, socket: /var/run/mysqld/mysqlx.sock
2021-12-12T11:18:50.899743-00:00 0 [System] [MY-010931] [Server] /usr/sbin/mysqld: ready for connections. Version: '8.0.27'  socket: '/var/run/mysqld/mysqld.sock'  port: 3306  MySQL Community Server - GPL.
2021-12-12T11:19:09.968954-00:00 0 [System] [MY-013172] [Server] Received SHUTDOWN from user <via user signal>. Shutting down mysqld (Version: 8.0.27).
2021-12-12T11:19:11.142075-00:00 0 [System] [MY-010910] [Server] /usr/sbin/mysqld: Shutdown complete (mysqld 8.0.27)  MySQL Community Server - GPL.
2021-12-12T11:19:16.746626-00:00 0 [System] [MY-010116] [Server] /usr/sbin/mysqld (mysqld 8.0.27) starting as process 1
2021-12-12T11:19:16.754946-00:00 0 [Warning] [MY-010159] [Server] Setting lower_case_table_names=2 because file system for /var/lib/mysql/ is case insensitive
2021-12-12T11:19:16.776507-00:00 1 [System] [MY-013576] [InnoDB] InnoDB initialization has started.
2021-12-12T11:19:17.717549-00:00 1 [System] [MY-013577] [InnoDB] InnoDB initialization has ended.
2021-12-12T11:19:18.256659-00:00 0 [Warning] [MY-013746] [Server] A deprecated TLS version TLSv1 is enabled for channel mysql_main
2021-12-12T11:19:18.257784-00:00 0 [Warning] [MY-013746] [Server] A deprecated TLS version TLSv1.1 is enabled for channel mysql_main
2021-12-12T11:19:18.266988-00:00 0 [Warning] [MY-010068] [Server] CA certificate ca.pem is self signed.
2021-12-12T11:19:18.267826-00:00 0 [System] [MY-013602] [Server] Channel mysql_main configured to support TLS. Encrypted connections are now supported for this channel.
2021-12-12T11:19:18.278975-00:00 0 [Warning] [MY-011810] [Server] Insecure configuration for --pid-file: Location '/var/run/mysqld' in the path is accessible to all OS users. Consider choosing a different directory.
2021-12-12T11:19:18.409668-00:00 0 [System] [MY-011323] [Server] X Plugin ready for connections. Bind-address: '::' port: 33060, socket: /var/run/mysqld/mysqlx.sock
2021-12-12T11:19:18.409916-00:00 0 [System] [MY-010931] [Server] /usr/sbin/mysqld: ready for connections. Version: '8.0.27'  socket: '/var/run/mysqld/mysqld.sock'  port: 3306  MySQL Community Server - GPL.
2021-12-12T11:21:16.016508-00:00 0 [System] [MY-013172] [Server] Received SHUTDOWN from user <via user signal>. Shutting down mysqld (Version: 8.0.27).
2021-12-12T11:21:16.633692-00:00 0 [System] [MY-010910] [Server] /usr/sbin/mysqld: Shutdown complete (mysqld 8.0.27)  MySQL Community Server - GPL.
2021-12-12T11:21:22.486689-00:00 0 [System] [MY-010116] [Server] /usr/sbin/mysqld (mysqld 8.0.27) starting as process 1
2021-12-12T11:21:22.500537-00:00 0 [Warning] [MY-010159] [Server] Setting lower_case_table_names=2 because file system for /var/lib/mysql/ is case insensitive
2021-12-12T11:21:22.531681-00:00 1 [System] [MY-013576] [InnoDB] InnoDB initialization has started.
2021-12-12T11:21:23.451723-00:00 1 [System] [MY-013577] [InnoDB] InnoDB initialization has ended.
2021-12-12T11:21:23.920989-00:00 0 [Warning] [MY-013746] [Server] A deprecated TLS version TLSv1 is enabled for channel mysql_main
2021-12-12T11:21:23.924586-00:00 0 [Warning] [MY-013746] [Server] A deprecated TLS version TLSv1.1 is enabled for channel mysql_main
2021-12-12T11:21:23.944641-00:00 0 [Warning] [MY-010068] [Server] CA certificate ca.pem is self signed.
2021-12-12T11:21:23.945534-00:00 0 [System] [MY-013602] [Server] Channel mysql_main configured to support TLS. Encrypted connections are now supported for this channel.
2021-12-12T11:21:23.956261-00:00 0 [Warning] [MY-011810] [Server] Insecure configuration for --pid-file: Location '/var/run/mysqld' in the path is accessible to all OS users. Consider choosing a different directory.
2021-12-12T11:21:24.123255-00:00 0 [System] [MY-011323] [Server] X Plugin ready for connections. Bind-address: '::' port: 33060, socket: /var/run/mysqld/mysqlx.sock
2021-12-12T11:21:24.123412-00:00 0 [System] [MY-010931] [Server] /usr/sbin/mysqld: ready for connections. Version: '8.0.27'  socket: '/var/run/mysqld/mysqld.sock'  port: 3306  MySQL Community Server - GPL.
2021-12-12T11:32:22.041601-00:00 0 [System] [MY-013172] [Server] Received SHUTDOWN from user <via user signal>. Shutting down mysqld (Version: 8.0.27).
2021-12-12T11:32:22.154267-00:00 0 [ERROR] [MY-011945] [InnoDB] Cannot open '/var/lib/mysql/ib_buffer_pool.incomplete' for writing: No such file or directory
2021-12-12T11:32:22.731390-00:00 0 [System] [MY-010910] [Server] /usr/sbin/mysqld: Shutdown complete (mysqld 8.0.27)  MySQL Community Server - GPL.
2021-12-12T11:32:48.333890-00:00 0 [System] [MY-010116] [Server] /usr/sbin/mysqld (mysqld 8.0.27) starting as process 1
2021-12-12T11:32:48.347349-00:00 0 [Warning] [MY-010159] [Server] Setting lower_case_table_names=2 because file system for /var/lib/mysql/ is case insensitive
2021-12-12T11:32:48.368464-00:00 1 [System] [MY-013576] [InnoDB] InnoDB initialization has started.
2021-12-12T11:32:49.360681-00:00 1 [System] [MY-013577] [InnoDB] InnoDB initialization has ended.
2021-12-12T11:32:49.852942-00:00 0 [Warning] [MY-013746] [Server] A deprecated TLS version TLSv1 is enabled for channel mysql_main
2021-12-12T11:32:49.853548-00:00 0 [Warning] [MY-013746] [Server] A deprecated TLS version TLSv1.1 is enabled for channel mysql_main
2021-12-12T11:32:49.863644-00:00 0 [Warning] [MY-010068] [Server] CA certificate ca.pem is self signed.
2021-12-12T11:32:49.864764-00:00 0 [System] [MY-013602] [Server] Channel mysql_main configured to support TLS. Encrypted connections are now supported for this channel.
2021-12-12T11:32:49.875219-00:00 0 [Warning] [MY-011810] [Server] Insecure configuration for --pid-file: Location '/var/run/mysqld' in the path is accessible to all OS users. Consider choosing a different directory.
2021-12-12T11:32:49.983352-00:00 0 [System] [MY-011323] [Server] X Plugin ready for connections. Bind-address: '::' port: 33060, socket: /var/run/mysqld/mysqlx.sock
2021-12-12T11:32:49.983690-00:00 0 [System] [MY-010931] [Server] /usr/sbin/mysqld: ready for connections. Version: '8.0.27'  socket: '/var/run/mysqld/mysqld.sock'  port: 3306  MySQL Community Server - GPL.
2021-12-12T11:33:51.616094-00:00 0 [System] [MY-013172] [Server] Received SHUTDOWN from user <via user signal>. Shutting down mysqld (Version: 8.0.27).
2021-12-12T11:33:52.196123-00:00 0 [System] [MY-010910] [Server] /usr/sbin/mysqld: Shutdown complete (mysqld 8.0.27)  MySQL Community Server - GPL.
2021-12-12T11:33:57.714386-00:00 0 [System] [MY-010116] [Server] /usr/sbin/mysqld (mysqld 8.0.27) starting as process 1
2021-12-12T11:33:57.727805-00:00 0 [Warning] [MY-010159] [Server] Setting lower_case_table_names=2 because file system for /var/lib/mysql/ is case insensitive
2021-12-12T11:33:57.756842-00:00 1 [System] [MY-013576] [InnoDB] InnoDB initialization has started.
2021-12-12T11:33:58.794057-00:00 1 [System] [MY-013577] [InnoDB] InnoDB initialization has ended.
2021-12-12T11:33:59.284826-00:00 0 [Warning] [MY-013746] [Server] A deprecated TLS version TLSv1 is enabled for channel mysql_main
2021-12-12T11:33:59.285556-00:00 0 [Warning] [MY-013746] [Server] A deprecated TLS version TLSv1.1 is enabled for channel mysql_main
2021-12-12T11:33:59.296066-00:00 0 [Warning] [MY-010068] [Server] CA certificate ca.pem is self signed.
2021-12-12T11:33:59.297098-00:00 0 [System] [MY-013602] [Server] Channel mysql_main configured to support TLS. Encrypted connections are now supported for this channel.
2021-12-12T11:33:59.307755-00:00 0 [Warning] [MY-011810] [Server] Insecure configuration for --pid-file: Location '/var/run/mysqld' in the path is accessible to all OS users. Consider choosing a different directory.
2021-12-12T11:33:59.447331-00:00 0 [System] [MY-011323] [Server] X Plugin ready for connections. Bind-address: '::' port: 33060, socket: /var/run/mysqld/mysqlx.sock
2021-12-12T11:33:59.448382-00:00 0 [System] [MY-010931] [Server] /usr/sbin/mysqld: ready for connections. Version: '8.0.27'  socket: '/var/run/mysqld/mysqld.sock'  port: 3306  MySQL Community Server - GPL.
2021-12-12T12:02:34.373474-00:00 0 [System] [MY-013172] [Server] Received SHUTDOWN from user <via user signal>. Shutting down mysqld (Version: 8.0.27).
2021-12-12T12:02:35.187849-00:00 0 [ERROR] [MY-011945] [InnoDB] Cannot open '/var/lib/mysql/ib_buffer_pool.incomplete' for writing: No such file or directory
2021-12-12T12:02:35.505603-00:00 0 [System] [MY-010910] [Server] /usr/sbin/mysqld: Shutdown complete (mysqld 8.0.27)  MySQL Community Server - GPL.
2021-12-12T12:02:43.367984-00:00 0 [System] [MY-010116] [Server] /usr/sbin/mysqld (mysqld 8.0.27) starting as process 1
2021-12-12T12:02:43.380912-00:00 0 [Warning] [MY-010159] [Server] Setting lower_case_table_names=2 because file system for /var/lib/mysql/ is case insensitive
2021-12-12T12:02:43.412087-00:00 1 [System] [MY-013576] [InnoDB] InnoDB initialization has started.
2021-12-12T12:02:44.693260-00:00 1 [System] [MY-013577] [InnoDB] InnoDB initialization has ended.
2021-12-12T12:02:45.204175-00:00 0 [Warning] [MY-013746] [Server] A deprecated TLS version TLSv1 is enabled for channel mysql_main
2021-12-12T12:02:45.205346-00:00 0 [Warning] [MY-013746] [Server] A deprecated TLS version TLSv1.1 is enabled for channel mysql_main
2021-12-12T12:02:45.216038-00:00 0 [Warning] [MY-010068] [Server] CA certificate ca.pem is self signed.
2021-12-12T12:02:45.217287-00:00 0 [System] [MY-013602] [Server] Channel mysql_main configured to support TLS. Encrypted connections are now supported for this channel.
2021-12-12T12:02:45.230939-00:00 0 [Warning] [MY-011810] [Server] Insecure configuration for --pid-file: Location '/var/run/mysqld' in the path is accessible to all OS users. Consider choosing a different directory.
2021-12-12T12:02:45.369514-00:00 0 [System] [MY-010931] [Server] /usr/sbin/mysqld: ready for connections. Version: '8.0.27'  socket: '/var/run/mysqld/mysqld.sock'  port: 3306  MySQL Community Server - GPL.
2021-12-12T12:02:45.369685-00:00 0 [System] [MY-011323] [Server] X Plugin ready for connections. Bind-address: '::' port: 33060, socket: /var/run/mysqld/mysqlx.sock
2022-01-18T12:12:14.804943-00:00 0 [System] [MY-010116] [Server] /usr/sbin/mysqld (mysqld 8.0.27) starting as process 1
2022-01-18T12:12:14.815888-00:00 0 [Warning] [MY-010159] [Server] Setting lower_case_table_names=2 because file system for /var/lib/mysql/ is case insensitive
2022-01-18T12:12:14.857344-00:00 1 [System] [MY-013576] [InnoDB] InnoDB initialization has started.
2022-01-18T12:12:16.659617-00:00 1 [System] [MY-013577] [InnoDB] InnoDB initialization has ended.
2022-01-18T12:12:17.209133-00:00 0 [System] [MY-010229] [Server] Starting XA crash recovery...
2022-01-18T12:12:17.290278-00:00 0 [System] [MY-010232] [Server] XA crash recovery finished.
2022-01-18T12:12:17.461081-00:00 0 [Warning] [MY-013746] [Server] A deprecated TLS version TLSv1 is enabled for channel mysql_main
2022-01-18T12:12:17.461853-00:00 0 [Warning] [MY-013746] [Server] A deprecated TLS version TLSv1.1 is enabled for channel mysql_main
2022-01-18T12:12:17.476320-00:00 0 [Warning] [MY-010068] [Server] CA certificate ca.pem is self signed.
2022-01-18T12:12:17.477838-00:00 0 [System] [MY-013602] [Server] Channel mysql_main configured to support TLS. Encrypted connections are now supported for this channel.
2022-01-18T12:12:17.491392-00:00 0 [Warning] [MY-011810] [Server] Insecure configuration for --pid-file: Location '/var/run/mysqld' in the path is accessible to all OS users. Consider choosing a different directory.
2022-01-18T12:12:17.649220-00:00 0 [System] [MY-011323] [Server] X Plugin ready for connections. Bind-address: '::' port: 33060, socket: /var/run/mysqld/mysqlx.sock
2022-01-18T12:12:17.649237-00:00 0 [System] [MY-010931] [Server] /usr/sbin/mysqld: ready for connections. Version: '8.0.27'  socket: '/var/run/mysqld/mysqld.sock'  port: 3306  MySQL Community Server - GPL.
2022-01-18T12:45:40.735415-00:00 12 [Warning] [MY-013360] [Server] Plugin sha256_password reported: ''sha256_password' is deprecated and will be removed in a future release. Please use caching_sha2_password instead'
mbind: Operation not permitted
2022-01-22T12:10:44.727270-00:00 0 [System] [MY-013172] [Server] Received SHUTDOWN from user <via user signal>. Shutting down mysqld (Version: 8.0.27).
2022-01-23T14:55:36.752499-00:00 0 [System] [MY-010116] [Server] /usr/sbin/mysqld (mysqld 8.0.28) starting as process 1
2022-01-23T14:55:36.766177-00:00 0 [Warning] [MY-010159] [Server] Setting lower_case_table_names=2 because file system for /var/lib/mysql/ is case insensitive
2022-01-23T14:55:36.796277-00:00 1 [System] [MY-013576] [InnoDB] InnoDB initialization has started.
2022-01-23T14:55:38.010987-00:00 1 [System] [MY-013577] [InnoDB] InnoDB initialization has ended.
2022-01-23T14:55:42.352394-00:00 4 [System] [MY-013381] [Server] Server upgrade from '80027' to '80028' started.
mbind: Operation not permitted
2022-01-23T14:55:53.309106-00:00 4 [System] [MY-013381] [Server] Server upgrade from '80027' to '80028' completed.
2022-01-23T14:55:53.424752-00:00 0 [System] [MY-010229] [Server] Starting XA crash recovery...
2022-01-23T14:55:53.441305-00:00 0 [System] [MY-010232] [Server] XA crash recovery finished.
2022-01-23T14:55:53.515052-00:00 0 [Warning] [MY-010068] [Server] CA certificate ca.pem is self signed.
2022-01-23T14:55:53.515712-00:00 0 [System] [MY-013602] [Server] Channel mysql_main configured to support TLS. Encrypted connections are now supported for this channel.
2022-01-23T14:55:53.525002-00:00 0 [Warning] [MY-011810] [Server] Insecure configuration for --pid-file: Location '/var/run/mysqld' in the path is accessible to all OS users. Consider choosing a different directory.
2022-01-23T14:55:53.576769-00:00 0 [System] [MY-011323] [Server] X Plugin ready for connections. Bind-address: '::' port: 33060, socket: /var/run/mysqld/mysqlx.sock
2022-01-23T14:55:53.577713-00:00 0 [System] [MY-010931] [Server] /usr/sbin/mysqld: ready for connections. Version: '8.0.28'  socket: '/var/run/mysqld/mysqld.sock'  port: 3306  MySQL Community Server - GPL.
mbind: Operation not permitted
mbind: Operation not permitted
mbind: Operation not permitted
mbind: Operation not permitted
2022-01-28T12:03:51.189687-00:00 0 [System] [MY-013172] [Server] Received SHUTDOWN from user <via user signal>. Shutting down mysqld (Version: 8.0.28).
2022-01-28T12:03:52.558839-00:00 0 [System] [MY-010910] [Server] /usr/sbin/mysqld: Shutdown complete (mysqld 8.0.28)  MySQL Community Server - GPL.
2022-01-28T12:05:53.566368-00:00 0 [System] [MY-010116] [Server] /usr/sbin/mysqld (mysqld 8.0.28) starting as process 1
2022-01-28T12:05:53.575912-00:00 0 [Warning] [MY-010159] [Server] Setting lower_case_table_names=2 because file system for /var/lib/mysql/ is case insensitive
2022-01-28T12:05:53.599211-00:00 1 [System] [MY-013576] [InnoDB] InnoDB initialization has started.
2022-01-28T12:05:54.998936-00:00 1 [System] [MY-013577] [InnoDB] InnoDB initialization has ended.
2022-01-28T12:05:55.786679-00:00 0 [Warning] [MY-010068] [Server] CA certificate ca.pem is self signed.
2022-01-28T12:05:55.790690-00:00 0 [System] [MY-013602] [Server] Channel mysql_main configured to support TLS. Encrypted connections are now supported for this channel.
2022-01-28T12:05:55.808783-00:00 0 [Warning] [MY-011810] [Server] Insecure configuration for --pid-file: Location '/var/run/mysqld' in the path is accessible to all OS users. Consider choosing a different directory.
2022-01-28T12:05:55.980849-00:00 0 [System] [MY-010931] [Server] /usr/sbin/mysqld: ready for connections. Version: '8.0.28'  socket: '/var/run/mysqld/mysqld.sock'  port: 3306  MySQL Community Server - GPL.
2022-01-28T12:05:55.980799-00:00 0 [System] [MY-011323] [Server] X Plugin ready for connections. Bind-address: '::' port: 33060, socket: /var/run/mysqld/mysqlx.sock
2022-01-31T11:04:20.213992-00:00 0 [System] [MY-013172] [Server] Received SHUTDOWN from user <via user signal>. Shutting down mysqld (Version: 8.0.28).
2022-01-31T11:04:22.191773-00:00 0 [System] [MY-010910] [Server] /usr/sbin/mysqld: Shutdown complete (mysqld 8.0.28)  MySQL Community Server - GPL.
2022-02-02T09:26:51.885694-00:00 0 [System] [MY-010116] [Server] /usr/sbin/mysqld (mysqld 8.0.28) starting as process 1
2022-02-02T09:26:51.894604-00:00 0 [Warning] [MY-010159] [Server] Setting lower_case_table_names=2 because file system for /var/lib/mysql/ is case insensitive
2022-02-02T09:26:51.917755-00:00 1 [System] [MY-013576] [InnoDB] InnoDB initialization has started.
2022-02-02T09:26:53.114255-00:00 1 [System] [MY-013577] [InnoDB] InnoDB initialization has ended.
2022-02-02T09:26:53.704016-00:00 0 [Warning] [MY-010068] [Server] CA certificate ca.pem is self signed.
2022-02-02T09:26:53.704996-00:00 0 [System] [MY-013602] [Server] Channel mysql_main configured to support TLS. Encrypted connections are now supported for this channel.
2022-02-02T09:26:53.718199-00:00 0 [Warning] [MY-011810] [Server] Insecure configuration for --pid-file: Location '/var/run/mysqld' in the path is accessible to all OS users. Consider choosing a different directory.
2022-02-02T09:26:53.852398-00:00 0 [System] [MY-011323] [Server] X Plugin ready for connections. Bind-address: '::' port: 33060, socket: /var/run/mysqld/mysqlx.sock
2022-02-02T09:26:53.852493-00:00 0 [System] [MY-010931] [Server] /usr/sbin/mysqld: ready for connections. Version: '8.0.28'  socket: '/var/run/mysqld/mysqld.sock'  port: 3306  MySQL Community Server - GPL.
2022-02-03T16:46:12.258762-00:00 0 [System] [MY-013172] [Server] Received SHUTDOWN from user <via user signal>. Shutting down mysqld (Version: 8.0.28).
2022-02-04T13:41:20.471955-00:00 0 [System] [MY-010116] [Server] /usr/sbin/mysqld (mysqld 8.0.28) starting as process 1
2022-02-04T13:41:20.479910-00:00 0 [Warning] [MY-010159] [Server] Setting lower_case_table_names=2 because file system for /var/lib/mysql/ is case insensitive
2022-02-04T13:41:20.516783-00:00 1 [System] [MY-013576] [InnoDB] InnoDB initialization has started.
2022-02-04T13:41:21.520287-00:00 1 [System] [MY-013577] [InnoDB] InnoDB initialization has ended.
2022-02-04T13:41:21.893937-00:00 0 [System] [MY-010229] [Server] Starting XA crash recovery...
2022-02-04T13:41:21.905688-00:00 0 [System] [MY-010232] [Server] XA crash recovery finished.
2022-02-04T13:41:21.984533-00:00 0 [Warning] [MY-010068] [Server] CA certificate ca.pem is self signed.
2022-02-04T13:41:21.985226-00:00 0 [System] [MY-013602] [Server] Channel mysql_main configured to support TLS. Encrypted connections are now supported for this channel.
2022-02-04T13:41:21.994483-00:00 0 [Warning] [MY-011810] [Server] Insecure configuration for --pid-file: Location '/var/run/mysqld' in the path is accessible to all OS users. Consider choosing a different directory.
2022-02-04T13:41:22.076329-00:00 0 [System] [MY-011323] [Server] X Plugin ready for connections. Bind-address: '::' port: 33060, socket: /var/run/mysqld/mysqlx.sock
2022-02-04T13:41:22.076526-00:00 0 [System] [MY-010931] [Server] /usr/sbin/mysqld: ready for connections. Version: '8.0.28'  socket: '/var/run/mysqld/mysqld.sock'  port: 3306  MySQL Community Server - GPL.
2022-02-04T14:51:12.542708-00:00 0 [System] [MY-013172] [Server] Received SHUTDOWN from user <via user signal>. Shutting down mysqld (Version: 8.0.28).
2022-02-04T14:51:13.709976-00:00 0 [System] [MY-010910] [Server] /usr/sbin/mysqld: Shutdown complete (mysqld 8.0.28)  MySQL Community Server - GPL.
2022-02-26T01:51:50.401108-00:00 0 [System] [MY-010116] [Server] /usr/sbin/mysqld (mysqld 8.0.28) starting as process 1
2022-02-26T01:51:50.410141-00:00 0 [Warning] [MY-010159] [Server] Setting lower_case_table_names=2 because file system for /var/lib/mysql/ is case insensitive
2022-02-26T01:51:50.440243-00:00 1 [System] [MY-013576] [InnoDB] InnoDB initialization has started.
2022-02-26T01:51:51.627255-00:00 1 [System] [MY-013577] [InnoDB] InnoDB initialization has ended.
2022-02-26T01:51:52.317377-00:00 0 [Warning] [MY-010068] [Server] CA certificate ca.pem is self signed.
2022-02-26T01:51:52.318174-00:00 0 [System] [MY-013602] [Server] Channel mysql_main configured to support TLS. Encrypted connections are now supported for this channel.
2022-02-26T01:51:52.329192-00:00 0 [Warning] [MY-011810] [Server] Insecure configuration for --pid-file: Location '/var/run/mysqld' in the path is accessible to all OS users. Consider choosing a different directory.
2022-02-26T01:51:52.467056-00:00 0 [System] [MY-011323] [Server] X Plugin ready for connections. Bind-address: '::' port: 33060, socket: /var/run/mysqld/mysqlx.sock
2022-02-26T01:51:52.467331-00:00 0 [System] [MY-010931] [Server] /usr/sbin/mysqld: ready for connections. Version: '8.0.28'  socket: '/var/run/mysqld/mysqld.sock'  port: 3306  MySQL Community Server - GPL.
2022-02-26T13:01:12.930705-00:00 0 [System] [MY-013172] [Server] Received SHUTDOWN from user <via user signal>. Shutting down mysqld (Version: 8.0.28).
2022-02-26T13:01:14.958280-00:00 0 [Warning] [MY-010909] [Server] /usr/sbin/mysqld: Forcing close of thread 67  user: 'root'.
2022-02-26T13:01:16.511175-00:00 0 [System] [MY-010910] [Server] /usr/sbin/mysqld: Shutdown complete (mysqld 8.0.28)  MySQL Community Server - GPL.
2022-02-27T04:05:21.780065-00:00 0 [System] [MY-010116] [Server] /usr/sbin/mysqld (mysqld 8.0.28) starting as process 1
2022-02-27T04:05:21.792396-00:00 0 [Warning] [MY-010159] [Server] Setting lower_case_table_names=2 because file system for /var/lib/mysql/ is case insensitive
2022-02-27T04:05:21.834298-00:00 1 [System] [MY-013576] [InnoDB] InnoDB initialization has started.
2022-02-27T04:05:23.508472-00:00 1 [System] [MY-013577] [InnoDB] InnoDB initialization has ended.
2022-02-27T04:05:24.525202-00:00 0 [Warning] [MY-010068] [Server] CA certificate ca.pem is self signed.
2022-02-27T04:05:24.526340-00:00 0 [System] [MY-013602] [Server] Channel mysql_main configured to support TLS. Encrypted connections are now supported for this channel.
2022-02-27T04:05:24.543855-00:00 0 [Warning] [MY-011810] [Server] Insecure configuration for --pid-file: Location '/var/run/mysqld' in the path is accessible to all OS users. Consider choosing a different directory.
2022-02-27T04:05:24.803556-00:00 0 [System] [MY-011323] [Server] X Plugin ready for connections. Bind-address: '::' port: 33060, socket: /var/run/mysqld/mysqlx.sock
2022-02-27T04:05:24.804006-00:00 0 [System] [MY-010931] [Server] /usr/sbin/mysqld: ready for connections. Version: '8.0.28'  socket: '/var/run/mysqld/mysqld.sock'  port: 3306  MySQL Community Server - GPL.
2022-02-27T16:22:27.400855-00:00 0 [System] [MY-013172] [Server] Received SHUTDOWN from user <via user signal>. Shutting down mysqld (Version: 8.0.28).
2022-03-06T14:18:55.679915-00:00 0 [System] [MY-010116] [Server] /usr/sbin/mysqld (mysqld 8.0.28) starting as process 1
2022-03-06T14:18:55.691369-00:00 0 [Warning] [MY-010159] [Server] Setting lower_case_table_names=2 because file system for /var/lib/mysql/ is case insensitive
2022-03-06T14:18:55.717807-00:00 1 [System] [MY-013576] [InnoDB] InnoDB initialization has started.
2022-03-06T14:18:57.156849-00:00 1 [System] [MY-013577] [InnoDB] InnoDB initialization has ended.
2022-03-06T14:18:57.844355-00:00 0 [System] [MY-010229] [Server] Starting XA crash recovery...
2022-03-06T14:18:57.862217-00:00 0 [System] [MY-010232] [Server] XA crash recovery finished.
2022-03-06T14:18:58.058871-00:00 0 [Warning] [MY-010068] [Server] CA certificate ca.pem is self signed.
2022-03-06T14:18:58.060106-00:00 0 [System] [MY-013602] [Server] Channel mysql_main configured to support TLS. Encrypted connections are now supported for this channel.
2022-03-06T14:18:58.073208-00:00 0 [Warning] [MY-011810] [Server] Insecure configuration for --pid-file: Location '/var/run/mysqld' in the path is accessible to all OS users. Consider choosing a different directory.
2022-03-06T14:18:58.299868-00:00 0 [System] [MY-010931] [Server] /usr/sbin/mysqld: ready for connections. Version: '8.0.28'  socket: '/var/run/mysqld/mysqld.sock'  port: 3306  MySQL Community Server - GPL.
2022-03-06T14:18:58.300024-00:00 0 [System] [MY-011323] [Server] X Plugin ready for connections. Bind-address: '::' port: 33060, socket: /var/run/mysqld/mysqlx.sock
2022-03-06T14:20:21.715135-00:00 0 [System] [MY-013172] [Server] Received SHUTDOWN from user <via user signal>. Shutting down mysqld (Version: 8.0.28).
2022-03-08T06:06:18.701255-00:00 0 [System] [MY-010116] [Server] /usr/sbin/mysqld (mysqld 8.0.28) starting as process 1
2022-03-08T06:06:18.711750-00:00 0 [Warning] [MY-010159] [Server] Setting lower_case_table_names=2 because file system for /var/lib/mysql/ is case insensitive
2022-03-08T06:06:18.756164-00:00 1 [System] [MY-013576] [InnoDB] InnoDB initialization has started.
2022-03-08T06:06:19.814801-00:00 1 [System] [MY-013577] [InnoDB] InnoDB initialization has ended.
2022-03-08T06:06:20.173221-00:00 0 [System] [MY-010229] [Server] Starting XA crash recovery...
2022-03-08T06:06:20.182581-00:00 0 [System] [MY-010232] [Server] XA crash recovery finished.
2022-03-08T06:06:20.339635-00:00 0 [Warning] [MY-010068] [Server] CA certificate ca.pem is self signed.
2022-03-08T06:06:20.340290-00:00 0 [System] [MY-013602] [Server] Channel mysql_main configured to support TLS. Encrypted connections are now supported for this channel.
2022-03-08T06:06:20.347791-00:00 0 [Warning] [MY-011810] [Server] Insecure configuration for --pid-file: Location '/var/run/mysqld' in the path is accessible to all OS users. Consider choosing a different directory.
2022-03-08T06:06:20.443258-00:00 0 [System] [MY-011323] [Server] X Plugin ready for connections. Bind-address: '::' port: 33060, socket: /var/run/mysqld/mysqlx.sock
2022-03-08T06:06:20.443348-00:00 0 [System] [MY-010931] [Server] /usr/sbin/mysqld: ready for connections. Version: '8.0.28'  socket: '/var/run/mysqld/mysqld.sock'  port: 3306  MySQL Community Server - GPL.
2022-03-13T13:16:03.947875-00:00 0 [System] [MY-013172] [Server] Received SHUTDOWN from user <via user signal>. Shutting down mysqld (Version: 8.0.28).
2022-03-13T13:16:05.033739-00:00 0 [System] [MY-010910] [Server] /usr/sbin/mysqld: Shutdown complete (mysqld 8.0.28)  MySQL Community Server - GPL.
